Namespace(batch_size=32, buffer_size=100000, checkpoint_dir='CartPole_seed908818_s1e3_n150_h32', checkpoint_freq=1000, device=device(type='cpu'), env_name='CartPole-v0', exploration_steps=20000, final_eps=0.001, gamma=0.95, hidden_size=32, log_freq=100, lr=0.0002, n_neurons=150, overwrite=False, rate_scale=0.1, seed=908818, start_steps=100.0, t_prb_start=0.0, t_prb_stop=0.1, t_sim=0.1, target_network_update_freq=10000.0, test=False, test_steps=1000, total_steps=100000, train_epoches=100, train_freq=1, train_steps=1000.0, warmup_steps=100)
inp_size : 40
n_neurons : 150
LSM(inp_size=40, n_neurons=150)
MLP(
  (classifier): Sequential(
    (0): Linear(in_features=120, out_features=32, bias=True)
    (1): ReLU()
    (2): Linear(in_features=32, out_features=2, bias=True)
  )
)
==> Checkpoint path : CartPole_seed908818_s1e3_n150_h32
=> Save checkpoint at timestep 0
=> Save checkpoint at timestep 1000
=> Save checkpoint at timestep 2000
step 2500   episode 100.000   avg_reward 25.010   max_reward 109.000   percent_explore 87%
=> Save checkpoint at timestep 3000
=> Save checkpoint at timestep 4000
step 4639   episode 200.000   avg_reward 21.390   max_reward 69.000   percent_explore 76%
=> Save checkpoint at timestep 5000
=> Save checkpoint at timestep 6000
=> Save checkpoint at timestep 7000
step 7035   episode 300.000   avg_reward 23.960   max_reward 69.000   percent_explore 64%
=> Save checkpoint at timestep 8000
=> Save checkpoint at timestep 9000
step 9600   episode 400.000   avg_reward 25.650   max_reward 81.000   percent_explore 52%
=> Save checkpoint at timestep 10000
=> Save checkpoint at timestep 11000
step 11685   episode 500.000   avg_reward 20.850   max_reward 89.000   percent_explore 41%
=> Save checkpoint at timestep 12000
=> Save checkpoint at timestep 13000
step 13946   episode 600.000   avg_reward 22.610   max_reward 96.000   percent_explore 30%
=> Save checkpoint at timestep 14000
=> Save checkpoint at timestep 15000
=> Save checkpoint at timestep 16000
step 16124   episode 700.000   avg_reward 21.780   max_reward 68.000   percent_explore 19%
=> Save checkpoint at timestep 17000
=> Save checkpoint at timestep 18000
step 18243   episode 800.000   avg_reward 21.190   max_reward 68.000   percent_explore 8%
=> Save checkpoint at timestep 19000
=> Save checkpoint at timestep 20000
step 20160   episode 900.000   avg_reward 19.170   max_reward 111.000   percent_explore 0%
=> Save checkpoint at timestep 21000
step 21928   episode 1000.000   avg_reward 17.680   max_reward 62.000   percent_explore 0%
=> Save checkpoint at timestep 22000
=> Save checkpoint at timestep 23000
=> Save checkpoint at timestep 24000
=> Save checkpoint at timestep 25000
=> Save checkpoint at timestep 26000
=> Save checkpoint at timestep 27000
step 27101   episode 1100.000   avg_reward 51.730   max_reward 146.000   percent_explore 0%
=> Save checkpoint at timestep 28000
=> Save checkpoint at timestep 29000
=> Save checkpoint at timestep 30000
=> Save checkpoint at timestep 31000
=> Save checkpoint at timestep 32000
=> Save checkpoint at timestep 33000
=> Save checkpoint at timestep 34000
=> Save checkpoint at timestep 35000
step 35128   episode 1200.000   avg_reward 80.270   max_reward 200.000   percent_explore 0%
=> Save checkpoint at timestep 36000
=> Save checkpoint at timestep 37000
=> Save checkpoint at timestep 38000
=> Save checkpoint at timestep 39000
=> Save checkpoint at timestep 40000
=> Save checkpoint at timestep 41000
=> Save checkpoint at timestep 42000
=> Save checkpoint at timestep 43000
=> Save checkpoint at timestep 44000
=> Save checkpoint at timestep 45000
=> Save checkpoint at timestep 46000
=> Save checkpoint at timestep 47000
step 47303   episode 1300.000   avg_reward 121.750   max_reward 200.000   percent_explore 0%
=> Save checkpoint at timestep 48000
=> Save checkpoint at timestep 49000
=> Save checkpoint at timestep 50000
=> Save checkpoint at timestep 51000
=> Save checkpoint at timestep 52000
=> Save checkpoint at timestep 53000
=> Save checkpoint at timestep 54000
=> Save checkpoint at timestep 55000
=> Save checkpoint at timestep 56000
=> Save checkpoint at timestep 57000
=> Save checkpoint at timestep 58000
=> Save checkpoint at timestep 59000
=> Save checkpoint at timestep 60000
step 60842   episode 1400.000   avg_reward 135.390   max_reward 200.000   percent_explore 0%
=> Save checkpoint at timestep 61000
=> Save checkpoint at timestep 62000
=> Save checkpoint at timestep 63000
=> Save checkpoint at timestep 64000
=> Save checkpoint at timestep 65000
=> Save checkpoint at timestep 66000
=> Save checkpoint at timestep 67000
=> Save checkpoint at timestep 68000
=> Save checkpoint at timestep 69000
=> Save checkpoint at timestep 70000
=> Save checkpoint at timestep 71000
=> Save checkpoint at timestep 72000
=> Save checkpoint at timestep 73000
=> Save checkpoint at timestep 74000
step 74893   episode 1500.000   avg_reward 140.510   max_reward 200.000   percent_explore 0%
=> Save checkpoint at timestep 75000
=> Save checkpoint at timestep 76000
=> Save checkpoint at timestep 77000
=> Save checkpoint at timestep 78000
=> Save checkpoint at timestep 79000
=> Save checkpoint at timestep 80000
=> Save checkpoint at timestep 81000
=> Save checkpoint at timestep 82000
=> Save checkpoint at timestep 83000
=> Save checkpoint at timestep 84000
=> Save checkpoint at timestep 85000
=> Save checkpoint at timestep 86000
=> Save checkpoint at timestep 87000
=> Save checkpoint at timestep 88000
=> Save checkpoint at timestep 89000
step 89335   episode 1600.000   avg_reward 144.420   max_reward 200.000   percent_explore 0%
=> Save checkpoint at timestep 90000
=> Save checkpoint at timestep 91000
=> Save checkpoint at timestep 92000
=> Save checkpoint at timestep 93000
=> Save checkpoint at timestep 94000
=> Save checkpoint at timestep 95000
=> Save checkpoint at timestep 96000
=> Save checkpoint at timestep 97000
=> Save checkpoint at timestep 98000
=> Save checkpoint at timestep 99000
