Namespace(batch_size=32, buffer_size=100000, checkpoint_dir='CartPole_seed410290_s1e3_n150_h32', checkpoint_freq=1000, device=device(type='cpu'), env_name='CartPole-v0', exploration_steps=20000, final_eps=0.001, gamma=0.95, hidden_size=32, log_freq=100, lr=0.0002, n_neurons=150, overwrite=False, rate_scale=0.1, seed=410290, start_steps=100.0, t_prb_start=0.0, t_prb_stop=0.1, t_sim=0.1, target_network_update_freq=10000.0, test=False, test_steps=1000, total_steps=100000, train_epoches=100, train_freq=1, train_steps=1000.0, warmup_steps=100)
inp_size : 40
n_neurons : 150
LSM(inp_size=40, n_neurons=150)
MLP(
  (classifier): Sequential(
    (0): Linear(in_features=120, out_features=32, bias=True)
    (1): ReLU()
    (2): Linear(in_features=32, out_features=2, bias=True)
  )
)
==> Checkpoint path : CartPole_seed410290_s1e3_n150_h32
=> Save checkpoint at timestep 0
=> Save checkpoint at timestep 1000
=> Save checkpoint at timestep 2000
step 2154   episode 100.000   avg_reward 21.550   max_reward 65.000   percent_explore 89%
=> Save checkpoint at timestep 3000
=> Save checkpoint at timestep 4000
step 4351   episode 200.000   avg_reward 21.970   max_reward 52.000   percent_explore 78%
=> Save checkpoint at timestep 5000
=> Save checkpoint at timestep 6000
step 6376   episode 300.000   avg_reward 20.250   max_reward 52.000   percent_explore 68%
=> Save checkpoint at timestep 7000
=> Save checkpoint at timestep 8000
step 8363   episode 400.000   avg_reward 19.870   max_reward 95.000   percent_explore 58%
=> Save checkpoint at timestep 9000
=> Save checkpoint at timestep 10000
step 10149   episode 500.000   avg_reward 17.860   max_reward 40.000   percent_explore 49%
=> Save checkpoint at timestep 11000
step 11790   episode 600.000   avg_reward 16.410   max_reward 56.000   percent_explore 41%
=> Save checkpoint at timestep 12000
=> Save checkpoint at timestep 13000
step 13232   episode 700.000   avg_reward 14.420   max_reward 43.000   percent_explore 33%
=> Save checkpoint at timestep 14000
step 14659   episode 800.000   avg_reward 14.270   max_reward 41.000   percent_explore 26%
=> Save checkpoint at timestep 15000
=> Save checkpoint at timestep 16000
step 16005   episode 900.000   avg_reward 13.460   max_reward 41.000   percent_explore 20%
=> Save checkpoint at timestep 17000
step 17502   episode 1000.000   avg_reward 14.970   max_reward 98.000   percent_explore 12%
=> Save checkpoint at timestep 18000
step 18789   episode 1100.000   avg_reward 12.870   max_reward 46.000   percent_explore 6%
=> Save checkpoint at timestep 19000
=> Save checkpoint at timestep 20000
step 20034   episode 1200.000   avg_reward 12.450   max_reward 32.000   percent_explore 0%
=> Save checkpoint at timestep 21000
step 21415   episode 1300.000   avg_reward 13.810   max_reward 48.000   percent_explore 0%
=> Save checkpoint at timestep 22000
=> Save checkpoint at timestep 23000
step 23806   episode 1400.000   avg_reward 23.910   max_reward 55.000   percent_explore 0%
=> Save checkpoint at timestep 24000
=> Save checkpoint at timestep 25000
=> Save checkpoint at timestep 26000
step 26743   episode 1500.000   avg_reward 29.370   max_reward 96.000   percent_explore 0%
=> Save checkpoint at timestep 27000
=> Save checkpoint at timestep 28000
=> Save checkpoint at timestep 29000
=> Save checkpoint at timestep 30000
=> Save checkpoint at timestep 31000
step 31153   episode 1600.000   avg_reward 44.100   max_reward 145.000   percent_explore 0%
=> Save checkpoint at timestep 32000
=> Save checkpoint at timestep 33000
=> Save checkpoint at timestep 34000
=> Save checkpoint at timestep 35000
=> Save checkpoint at timestep 36000
=> Save checkpoint at timestep 37000
step 37084   episode 1700.000   avg_reward 59.310   max_reward 138.000   percent_explore 0%
=> Save checkpoint at timestep 38000
=> Save checkpoint at timestep 39000
=> Save checkpoint at timestep 40000
=> Save checkpoint at timestep 41000
=> Save checkpoint at timestep 42000
=> Save checkpoint at timestep 43000
=> Save checkpoint at timestep 44000
step 44375   episode 1800.000   avg_reward 72.910   max_reward 154.000   percent_explore 0%
=> Save checkpoint at timestep 45000
=> Save checkpoint at timestep 46000
=> Save checkpoint at timestep 47000
=> Save checkpoint at timestep 48000
=> Save checkpoint at timestep 49000
=> Save checkpoint at timestep 50000
=> Save checkpoint at timestep 51000
=> Save checkpoint at timestep 52000
step 52543   episode 1900.000   avg_reward 81.680   max_reward 141.000   percent_explore 0%
=> Save checkpoint at timestep 53000
=> Save checkpoint at timestep 54000
=> Save checkpoint at timestep 55000
=> Save checkpoint at timestep 56000
=> Save checkpoint at timestep 57000
=> Save checkpoint at timestep 58000
=> Save checkpoint at timestep 59000
=> Save checkpoint at timestep 60000
=> Save checkpoint at timestep 61000
=> Save checkpoint at timestep 62000
step 62466   episode 2000.000   avg_reward 99.230   max_reward 200.000   percent_explore 0%
=> Save checkpoint at timestep 63000
=> Save checkpoint at timestep 64000
=> Save checkpoint at timestep 65000
=> Save checkpoint at timestep 66000
=> Save checkpoint at timestep 67000
=> Save checkpoint at timestep 68000
=> Save checkpoint at timestep 69000
=> Save checkpoint at timestep 70000
=> Save checkpoint at timestep 71000
=> Save checkpoint at timestep 72000
step 72722   episode 2100.000   avg_reward 102.560   max_reward 162.000   percent_explore 0%
=> Save checkpoint at timestep 73000
=> Save checkpoint at timestep 74000
=> Save checkpoint at timestep 75000
=> Save checkpoint at timestep 76000
=> Save checkpoint at timestep 77000
=> Save checkpoint at timestep 78000
=> Save checkpoint at timestep 79000
=> Save checkpoint at timestep 80000
=> Save checkpoint at timestep 81000
=> Save checkpoint at timestep 82000
=> Save checkpoint at timestep 83000
=> Save checkpoint at timestep 84000
step 84239   episode 2200.000   avg_reward 115.170   max_reward 171.000   percent_explore 0%
=> Save checkpoint at timestep 85000
=> Save checkpoint at timestep 86000
=> Save checkpoint at timestep 87000
=> Save checkpoint at timestep 88000
=> Save checkpoint at timestep 89000
=> Save checkpoint at timestep 90000
=> Save checkpoint at timestep 91000
=> Save checkpoint at timestep 92000
=> Save checkpoint at timestep 93000
=> Save checkpoint at timestep 94000
=> Save checkpoint at timestep 95000
=> Save checkpoint at timestep 96000
step 96638   episode 2300.000   avg_reward 123.990   max_reward 200.000   percent_explore 0%
=> Save checkpoint at timestep 97000
=> Save checkpoint at timestep 98000
=> Save checkpoint at timestep 99000
