Namespace(batch_size=32, buffer_size=100000, checkpoint_dir='CartPole_seed001993_s1e3_n150_h32', checkpoint_freq=1000, device=device(type='cpu'), env_name='CartPole-v0', exploration_steps=20000, final_eps=0.001, gamma=0.95, hidden_size=32, log_freq=100, lr=0.0002, n_neurons=150, overwrite=False, rate_scale=0.1, seed=1993, start_steps=100.0, t_prb_start=0.0, t_prb_stop=0.1, t_sim=0.1, target_network_update_freq=10000.0, test=False, test_steps=1000.0, total_steps=100000, train_epoches=100, train_freq=1, train_steps=1000.0, warmup_steps=100)
inp_size : 40
n_neurons : 150
LSM(inp_size=40, n_neurons=150)
MLP(
  (classifier): Sequential(
    (0): Linear(in_features=120, out_features=32, bias=True)
    (1): ReLU()
    (2): Linear(in_features=32, out_features=2, bias=True)
  )
)
==> Checkpoint path : CartPole_seed001993_s1e3_n150_h32
=> Save checkpoint at timestep 0
=> Save checkpoint at timestep 1000
=> Save checkpoint at timestep 2000
step 2216   episode 100.000   avg_reward 22.170   max_reward 88.000   percent_explore 88%
=> Save checkpoint at timestep 3000
=> Save checkpoint at timestep 4000
step 4515   episode 200.000   avg_reward 22.990   max_reward 91.000   percent_explore 77%
=> Save checkpoint at timestep 5000
=> Save checkpoint at timestep 6000
step 6707   episode 300.000   avg_reward 21.920   max_reward 82.000   percent_explore 66%
=> Save checkpoint at timestep 7000
=> Save checkpoint at timestep 8000
step 8883   episode 400.000   avg_reward 21.760   max_reward 65.000   percent_explore 55%
=> Save checkpoint at timestep 9000
=> Save checkpoint at timestep 10000
step 10774   episode 500.000   avg_reward 18.910   max_reward 82.000   percent_explore 46%
=> Save checkpoint at timestep 11000
=> Save checkpoint at timestep 12000
=> Save checkpoint at timestep 13000
step 13727   episode 600.000   avg_reward 29.530   max_reward 115.000   percent_explore 31%
=> Save checkpoint at timestep 14000
=> Save checkpoint at timestep 15000
=> Save checkpoint at timestep 16000
step 16918   episode 700.000   avg_reward 31.910   max_reward 143.000   percent_explore 15%
=> Save checkpoint at timestep 17000
=> Save checkpoint at timestep 18000
=> Save checkpoint at timestep 19000
step 19932   episode 800.000   avg_reward 30.140   max_reward 92.000   percent_explore 0%
=> Save checkpoint at timestep 20000
=> Save checkpoint at timestep 21000
=> Save checkpoint at timestep 22000
=> Save checkpoint at timestep 23000
step 23555   episode 900.000   avg_reward 36.230   max_reward 116.000   percent_explore 0%
=> Save checkpoint at timestep 24000
=> Save checkpoint at timestep 25000
=> Save checkpoint at timestep 26000
=> Save checkpoint at timestep 27000
step 27805   episode 1000.000   avg_reward 42.500   max_reward 172.000   percent_explore 0%
=> Save checkpoint at timestep 28000
=> Save checkpoint at timestep 29000
=> Save checkpoint at timestep 30000
=> Save checkpoint at timestep 31000
=> Save checkpoint at timestep 32000
step 32039   episode 1100.000   avg_reward 42.340   max_reward 127.000   percent_explore 0%
=> Save checkpoint at timestep 33000
=> Save checkpoint at timestep 34000
=> Save checkpoint at timestep 35000
step 35827   episode 1200.000   avg_reward 37.880   max_reward 120.000   percent_explore 0%
=> Save checkpoint at timestep 36000
=> Save checkpoint at timestep 37000
=> Save checkpoint at timestep 38000
=> Save checkpoint at timestep 39000
step 39861   episode 1300.000   avg_reward 40.340   max_reward 126.000   percent_explore 0%
=> Save checkpoint at timestep 40000
=> Save checkpoint at timestep 41000
=> Save checkpoint at timestep 42000
=> Save checkpoint at timestep 43000
=> Save checkpoint at timestep 44000
step 44249   episode 1400.000   avg_reward 43.880   max_reward 173.000   percent_explore 0%
=> Save checkpoint at timestep 45000
=> Save checkpoint at timestep 46000
=> Save checkpoint at timestep 47000
=> Save checkpoint at timestep 48000
=> Save checkpoint at timestep 49000
=> Save checkpoint at timestep 50000
=> Save checkpoint at timestep 51000
step 51084   episode 1500.000   avg_reward 68.350   max_reward 156.000   percent_explore 0%
=> Save checkpoint at timestep 52000
=> Save checkpoint at timestep 53000
=> Save checkpoint at timestep 54000
=> Save checkpoint at timestep 55000
=> Save checkpoint at timestep 56000
=> Save checkpoint at timestep 57000
=> Save checkpoint at timestep 58000
=> Save checkpoint at timestep 59000
=> Save checkpoint at timestep 60000
=> Save checkpoint at timestep 61000
=> Save checkpoint at timestep 62000
=> Save checkpoint at timestep 63000
step 63572   episode 1600.000   avg_reward 124.880   max_reward 200.000   percent_explore 0%
=> Save checkpoint at timestep 64000
=> Save checkpoint at timestep 65000
=> Save checkpoint at timestep 66000
=> Save checkpoint at timestep 67000
=> Save checkpoint at timestep 68000
=> Save checkpoint at timestep 69000
=> Save checkpoint at timestep 70000
=> Save checkpoint at timestep 71000
=> Save checkpoint at timestep 72000
=> Save checkpoint at timestep 73000
=> Save checkpoint at timestep 74000
=> Save checkpoint at timestep 75000
=> Save checkpoint at timestep 76000
=> Save checkpoint at timestep 77000
step 77268   episode 1700.000   avg_reward 136.960   max_reward 200.000   percent_explore 0%
=> Save checkpoint at timestep 78000
=> Save checkpoint at timestep 79000
=> Save checkpoint at timestep 80000
=> Save checkpoint at timestep 81000
=> Save checkpoint at timestep 82000
=> Save checkpoint at timestep 83000
=> Save checkpoint at timestep 84000
=> Save checkpoint at timestep 85000
=> Save checkpoint at timestep 86000
=> Save checkpoint at timestep 87000
=> Save checkpoint at timestep 88000
=> Save checkpoint at timestep 89000
=> Save checkpoint at timestep 90000
=> Save checkpoint at timestep 91000
step 91620   episode 1800.000   avg_reward 143.520   max_reward 200.000   percent_explore 0%
=> Save checkpoint at timestep 92000
=> Save checkpoint at timestep 93000
=> Save checkpoint at timestep 94000
=> Save checkpoint at timestep 95000
=> Save checkpoint at timestep 96000
=> Save checkpoint at timestep 97000
=> Save checkpoint at timestep 98000
=> Save checkpoint at timestep 99000
